app/build/intermediates/manifest_merge_blame_file/debug/manifest-merger-blame-debug-report.txt
1<?xml version="1.0" encoding="utf-8"?>
2<manifest xmlns:android="http://schemas.android.com/apk/res/android"
3    package="com.store.proshop"
4    android:versionCode="1"
5    android:versionName="1.0.0" >
6
7    <uses-sdk
8        android:minSdkVersion="21"
8-->src\main\AndroidManifest.xml
9        android:targetSdkVersion="29" />
9-->src\main\AndroidManifest.xml
10
11    <uses-permission android:name="android.permission.ACCESS_NETWORK_STATE" />
11-->src\main\AndroidManifest.xml:5:5-79
11-->src\main\AndroidManifest.xml:5:22-76
12    <uses-permission android:name="android.permission.INTERNET" />
12-->src\main\AndroidManifest.xml:6:5-67
12-->src\main\AndroidManifest.xml:6:22-64
13    <uses-permission android:name="android.permission.ACCESS_COARSE_LOCATION" />
13-->src\main\AndroidManifest.xml:7:5-81
13-->src\main\AndroidManifest.xml:7:22-78
14    <uses-permission android:name="android.permission.ACCESS_FINE_LOCATION" />
14-->src\main\AndroidManifest.xml:8:5-79
14-->src\main\AndroidManifest.xml:8:22-76
15    <uses-permission android:name="android.permission.WRITE_EXTERNAL_STORAGE" />
15-->src\main\AndroidManifest.xml:9:5-81
15-->src\main\AndroidManifest.xml:9:22-78
16    <uses-permission android:name="android.permission.READ_EXTERNAL_STORAGE" />
16-->src\main\AndroidManifest.xml:10:5-80
16-->src\main\AndroidManifest.xml:10:22-77
17
18    <!-- Create a unique permission for your app and use it so only your app can receive your OneSignal messages. -->
19    <permission
19-->[com.onesignal:OneSignal:3.13.2] AndroidManifest.xml:7:5-9:47
20        android:name="com.store.proshop.permission.C2D_MESSAGE"
20-->[com.onesignal:OneSignal:3.13.2] AndroidManifest.xml:8:9-63
21        android:protectionLevel="signature" />
21-->[com.onesignal:OneSignal:3.13.2] AndroidManifest.xml:9:9-44
22
23    <uses-permission android:name="com.store.proshop.permission.C2D_MESSAGE" />
23-->[com.onesignal:OneSignal:3.13.2] AndroidManifest.xml:11:5-79
23-->[com.onesignal:OneSignal:3.13.2] AndroidManifest.xml:11:22-76
24    <uses-permission android:name="com.google.android.c2dm.permission.RECEIVE" /> <!-- Required, makes sure notifications are delivered on time. -->
24-->[com.onesignal:OneSignal:3.13.2] AndroidManifest.xml:17:5-82
24-->[com.onesignal:OneSignal:3.13.2] AndroidManifest.xml:17:22-79
25    <uses-permission android:name="android.permission.WAKE_LOCK" />
25-->[com.onesignal:OneSignal:3.13.2] AndroidManifest.xml:18:5-68
25-->[com.onesignal:OneSignal:3.13.2] AndroidManifest.xml:18:22-65
26    <!--
27 Required so the device vibrates on receiving a push notification.
28         Vibration settings of the device still apply.
29    -->
30    <uses-permission android:name="android.permission.VIBRATE" />
30-->[com.onesignal:OneSignal:3.13.2] AndroidManifest.xml:23:5-66
30-->[com.onesignal:OneSignal:3.13.2] AndroidManifest.xml:23:22-63
31    <!--
32 Use to restore notifications the user hasn't interacted with.
33         They could be missed notifications if the user reboots their device if this isn't in place.
34    -->
35    <uses-permission android:name="android.permission.RECEIVE_BOOT_COMPLETED" /> <!-- START: ShortcutBadger -->
35-->[com.onesignal:OneSignal:3.13.2] AndroidManifest.xml:29:5-81
35-->[com.onesignal:OneSignal:3.13.2] AndroidManifest.xml:29:22-78
36    <!-- Samsung -->
37    <uses-permission android:name="com.sec.android.provider.badge.permission.READ" />
37-->[com.onesignal:OneSignal:3.13.2] AndroidManifest.xml:31:5-86
37-->[com.onesignal:OneSignal:3.13.2] AndroidManifest.xml:31:22-83
38    <uses-permission android:name="com.sec.android.provider.badge.permission.WRITE" /> <!-- HTC -->
38-->[com.onesignal:OneSignal:3.13.2] AndroidManifest.xml:32:5-87
38-->[com.onesignal:OneSignal:3.13.2] AndroidManifest.xml:32:22-84
39    <uses-permission android:name="com.htc.launcher.permission.READ_SETTINGS" />
39-->[com.onesignal:OneSignal:3.13.2] AndroidManifest.xml:33:5-81
39-->[com.onesignal:OneSignal:3.13.2] AndroidManifest.xml:33:22-78
40    <uses-permission android:name="com.htc.launcher.permission.UPDATE_SHORTCUT" /> <!-- Sony -->
40-->[com.onesignal:OneSignal:3.13.2] AndroidManifest.xml:34:5-83
40-->[com.onesignal:OneSignal:3.13.2] AndroidManifest.xml:34:22-80
41    <uses-permission android:name="com.sonyericsson.home.permission.BROADCAST_BADGE" />
41-->[com.onesignal:OneSignal:3.13.2] AndroidManifest.xml:35:5-88
41-->[com.onesignal:OneSignal:3.13.2] AndroidManifest.xml:35:22-85
42    <uses-permission android:name="com.sonymobile.home.permission.PROVIDER_INSERT_BADGE" /> <!-- Apex -->
42-->[com.onesignal:OneSignal:3.13.2] AndroidManifest.xml:36:5-92
42-->[com.onesignal:OneSignal:3.13.2] AndroidManifest.xml:36:22-89
43    <uses-permission android:name="com.anddoes.launcher.permission.UPDATE_COUNT" /> <!-- Solid -->
43-->[com.onesignal:OneSignal:3.13.2] AndroidManifest.xml:37:5-84
43-->[com.onesignal:OneSignal:3.13.2] AndroidManifest.xml:37:22-81
44    <uses-permission android:name="com.majeur.launcher.permission.UPDATE_BADGE" /> <!-- Huawei -->
44-->[com.onesignal:OneSignal:3.13.2] AndroidManifest.xml:38:5-83
44-->[com.onesignal:OneSignal:3.13.2] AndroidManifest.xml:38:22-80
45    <uses-permission android:name="com.huawei.android.launcher.permission.CHANGE_BADGE" />
45-->[com.onesignal:OneSignal:3.13.2] AndroidManifest.xml:39:5-91
45-->[com.onesignal:OneSignal:3.13.2] AndroidManifest.xml:39:22-88
46    <uses-permission android:name="com.huawei.android.launcher.permission.READ_SETTINGS" />
46-->[com.onesignal:OneSignal:3.13.2] AndroidManifest.xml:40:5-92
46-->[com.onesignal:OneSignal:3.13.2] AndroidManifest.xml:40:22-89
47    <uses-permission android:name="com.huawei.android.launcher.permission.WRITE_SETTINGS" /> <!-- ZUK -->
47-->[com.onesignal:OneSignal:3.13.2] AndroidManifest.xml:41:5-93
47-->[com.onesignal:OneSignal:3.13.2] AndroidManifest.xml:41:22-90
48    <uses-permission android:name="android.permission.READ_APP_BADGE" /> <!-- OPPO -->
48-->[com.onesignal:OneSignal:3.13.2] AndroidManifest.xml:42:5-73
48-->[com.onesignal:OneSignal:3.13.2] AndroidManifest.xml:42:22-70
49    <uses-permission android:name="com.oppo.launcher.permission.READ_SETTINGS" />
49-->[com.onesignal:OneSignal:3.13.2] AndroidManifest.xml:43:5-82
49-->[com.onesignal:OneSignal:3.13.2] AndroidManifest.xml:43:22-79
50    <uses-permission android:name="com.oppo.launcher.permission.WRITE_SETTINGS" /> <!-- EvMe -->
50-->[com.onesignal:OneSignal:3.13.2] AndroidManifest.xml:44:5-83
50-->[com.onesignal:OneSignal:3.13.2] AndroidManifest.xml:44:22-80
51    <uses-permission android:name="me.everything.badger.permission.BADGE_COUNT_READ" />
51-->[com.onesignal:OneSignal:3.13.2] AndroidManifest.xml:45:5-88
51-->[com.onesignal:OneSignal:3.13.2] AndroidManifest.xml:45:22-85
52    <uses-permission android:name="me.everything.badger.permission.BADGE_COUNT_WRITE" />
52-->[com.onesignal:OneSignal:3.13.2] AndroidManifest.xml:46:5-89
52-->[com.onesignal:OneSignal:3.13.2] AndroidManifest.xml:46:22-86
53    <uses-permission android:name="com.google.android.finsky.permission.BIND_GET_INSTALL_REFERRER_SERVICE" />
53-->[com.google.android.gms:play-services-measurement:17.4.4] AndroidManifest.xml:26:5-110
53-->[com.google.android.gms:play-services-measurement:17.4.4] AndroidManifest.xml:26:22-107
54
55    <application
55-->src\main\AndroidManifest.xml:12:5-156:19
56        android:name="com.iqonic.store.ProShopApp"
56-->src\main\AndroidManifest.xml:13:9-35
57        android:allowBackup="false"
57-->src\main\AndroidManifest.xml:14:9-36
58        android:appComponentFactory="androidx.core.app.CoreComponentFactory"
58-->[androidx.core:core:1.1.0] AndroidManifest.xml:24:18-86
59        android:debuggable="true"
60        android:fullBackupContent="true"
60-->src\main\AndroidManifest.xml:15:9-41
61        android:icon="@mipmap/ic_launcher"
61-->src\main\AndroidManifest.xml:16:9-43
62        android:installLocation="preferExternal"
62-->src\main\AndroidManifest.xml:17:9-49
63        android:label="@string/app_name"
63-->src\main\AndroidManifest.xml:18:9-41
64        android:largeHeap="true"
64-->src\main\AndroidManifest.xml:19:9-33
65        android:roundIcon="@mipmap/ic_launcher_round"
65-->src\main\AndroidManifest.xml:20:9-54
66        android:supportsRtl="true"
66-->src\main\AndroidManifest.xml:21:9-35
67        android:theme="@style/NewAppTheme"
67-->src\main\AndroidManifest.xml:22:9-43
68        android:usesCleartextTraffic="true" >
68-->src\main\AndroidManifest.xml:23:9-44
69        <activity
69-->src\main\AndroidManifest.xml:26:9-29:58
70            android:name="com.iqonic.store.activity.ChangePwdActivity"
70-->src\main\AndroidManifest.xml:27:13-55
71            android:screenOrientation="portrait"
71-->src\main\AndroidManifest.xml:28:13-49
72            android:windowSoftInputMode="adjustResize" />
72-->src\main\AndroidManifest.xml:29:13-55
73        <activity
73-->src\main\AndroidManifest.xml:30:9-32:59
74            android:name="com.theartofdev.edmodo.cropper.CropImageActivity"
74-->src\main\AndroidManifest.xml:31:13-76
75            android:theme="@style/Base.Theme.AppCompat" />
75-->src\main\AndroidManifest.xml:32:13-56
76        <activity
76-->src\main\AndroidManifest.xml:33:9-35:52
77            android:name="com.iqonic.store.activity.AboutActivity"
77-->src\main\AndroidManifest.xml:34:13-51
78            android:screenOrientation="portrait" />
78-->src\main\AndroidManifest.xml:35:13-49
79        <activity
79-->src\main\AndroidManifest.xml:36:9-38:52
80            android:name="com.iqonic.store.activity.SubCategoryActivity"
80-->src\main\AndroidManifest.xml:37:13-57
81            android:screenOrientation="portrait" />
81-->src\main\AndroidManifest.xml:38:13-49
82        <activity
82-->src\main\AndroidManifest.xml:39:9-41:52
83            android:name="com.iqonic.store.activity.WebViewExternalProductActivity"
83-->src\main\AndroidManifest.xml:40:13-68
84            android:screenOrientation="portrait" />
84-->src\main\AndroidManifest.xml:41:13-49
85        <activity
85-->src\main\AndroidManifest.xml:42:9-45:54
86            android:name="com.iqonic.store.activity.WalkThroughActivity"
86-->src\main\AndroidManifest.xml:43:13-57
87            android:screenOrientation="portrait"
87-->src\main\AndroidManifest.xml:44:13-49
88            android:theme="@style/AppTheme.Splash" />
88-->src\main\AndroidManifest.xml:45:13-51
89        <activity
89-->src\main\AndroidManifest.xml:46:9-48:52
90            android:name="com.iqonic.store.activity.ZoomImageActivity"
90-->src\main\AndroidManifest.xml:47:13-55
91            android:screenOrientation="portrait" />
91-->src\main\AndroidManifest.xml:48:13-49
92        <activity
92-->src\main\AndroidManifest.xml:49:9-51:52
93            android:name="com.iqonic.store.activity.WebViewActivity"
93-->src\main\AndroidManifest.xml:50:13-53
94            android:screenOrientation="portrait" />
94-->src\main\AndroidManifest.xml:51:13-49
95        <activity
95-->src\main\AndroidManifest.xml:52:9-54:52
96            android:name="com.iqonic.store.activity.CouponActivity"
96-->src\main\AndroidManifest.xml:53:13-52
97            android:screenOrientation="portrait" />
97-->src\main\AndroidManifest.xml:54:13-49
98        <activity
98-->src\main\AndroidManifest.xml:55:9-57:52
99            android:name="com.iqonic.store.activity.CategoryActivity"
99-->src\main\AndroidManifest.xml:56:13-54
100            android:screenOrientation="portrait" />
100-->src\main\AndroidManifest.xml:57:13-49
101        <activity
101-->src\main\AndroidManifest.xml:58:9-60:52
102            android:name="com.iqonic.store.activity.ReviewsActivity"
102-->src\main\AndroidManifest.xml:59:13-53
103            android:screenOrientation="portrait" />
103-->src\main\AndroidManifest.xml:60:13-49
104
105        <meta-data
105-->src\main\AndroidManifest.xml:62:9-64:46
106            android:name="com.google.android.gms.ads.APPLICATION_ID"
106-->src\main\AndroidManifest.xml:63:13-69
107            android:value="@string/app_id" />
107-->src\main\AndroidManifest.xml:64:13-43
108        <meta-data
108-->src\main\AndroidManifest.xml:65:9-67:55
109            android:name="com.facebook.sdk.ApplicationId"
109-->src\main\AndroidManifest.xml:66:13-58
110            android:value="@string/facebook_app_id" />
110-->src\main\AndroidManifest.xml:67:13-52
111
112        <activity
112-->src\main\AndroidManifest.xml:69:9-72:48
113            android:name="com.facebook.FacebookActivity"
113-->src\main\AndroidManifest.xml:70:13-57
114            android:configChanges="keyboard|keyboardHidden|screenLayout|screenSize|orientation"
114-->src\main\AndroidManifest.xml:71:13-96
115            android:label="@string/app_name"
115-->src\main\AndroidManifest.xml:72:13-45
116            android:theme="@style/com_facebook_activity_theme" />
116-->[com.facebook.android:facebook-common:4.42.0] AndroidManifest.xml:32:13-63
117        <activity
117-->src\main\AndroidManifest.xml:73:9-84:20
118            android:name="com.facebook.CustomTabActivity"
118-->src\main\AndroidManifest.xml:74:13-58
119            android:exported="true" >
119-->src\main\AndroidManifest.xml:75:13-36
120            <intent-filter>
120-->src\main\AndroidManifest.xml:76:13-83:29
121                <action android:name="android.intent.action.VIEW" />
121-->src\main\AndroidManifest.xml:77:17-69
121-->src\main\AndroidManifest.xml:77:25-66
122
123                <category android:name="android.intent.category.DEFAULT" />
123-->src\main\AndroidManifest.xml:79:17-76
123-->src\main\AndroidManifest.xml:79:27-73
124                <category android:name="android.intent.category.BROWSABLE" />
124-->src\main\AndroidManifest.xml:80:17-78
124-->src\main\AndroidManifest.xml:80:27-75
125
126                <data android:scheme="@string/fb_login_protocol_scheme" />
126-->src\main\AndroidManifest.xml:82:17-75
126-->src\main\AndroidManifest.xml:82:23-72
127            </intent-filter>
128        </activity>
129        <activity
129-->src\main\AndroidManifest.xml:85:9-95:20
130            android:name="com.iqonic.store.activity.SplashActivity"
130-->src\main\AndroidManifest.xml:86:13-52
131            android:screenOrientation="portrait"
131-->src\main\AndroidManifest.xml:87:13-49
132            android:theme="@style/AppTheme.Splash" >
132-->src\main\AndroidManifest.xml:88:13-51
133            <intent-filter>
133-->src\main\AndroidManifest.xml:89:13-94:29
134                <action android:name="android.intent.action.MAIN" />
134-->src\main\AndroidManifest.xml:90:17-69
134-->src\main\AndroidManifest.xml:90:25-66
135                <action android:name="android.intent.action.VIEW" />
135-->src\main\AndroidManifest.xml:77:17-69
135-->src\main\AndroidManifest.xml:77:25-66
136
137                <category android:name="android.intent.category.LAUNCHER" />
137-->src\main\AndroidManifest.xml:93:17-77
137-->src\main\AndroidManifest.xml:93:27-74
138            </intent-filter>
139        </activity>
140        <activity
140-->src\main\AndroidManifest.xml:96:9-98:52
141            android:name="com.iqonic.store.activity.WishListActivity"
141-->src\main\AndroidManifest.xml:97:13-54
142            android:screenOrientation="portrait" />
142-->src\main\AndroidManifest.xml:98:13-49
143        <activity android:name="com.iqonic.store.AppBaseActivity" />
143-->src\main\AndroidManifest.xml:99:9-53
143-->src\main\AndroidManifest.xml:99:19-50
144        <activity
144-->src\main\AndroidManifest.xml:100:9-103:58
145            android:name="com.iqonic.store.activity.SignInUpActivity"
145-->src\main\AndroidManifest.xml:101:13-54
146            android:screenOrientation="portrait"
146-->src\main\AndroidManifest.xml:102:13-49
147            android:windowSoftInputMode="adjustResize" />
147-->src\main\AndroidManifest.xml:103:13-55
148        <activity
148-->src\main\AndroidManifest.xml:104:9-108:55
149            android:name="com.iqonic.store.activity.DashBoardActivity"
149-->src\main\AndroidManifest.xml:105:13-55
150            android:launchMode="singleTask"
150-->src\main\AndroidManifest.xml:106:13-44
151            android:screenOrientation="portrait"
151-->src\main\AndroidManifest.xml:107:13-49
152            android:windowSoftInputMode="adjustPan" />
152-->src\main\AndroidManifest.xml:108:13-52
153        <activity
153-->src\main\AndroidManifest.xml:109:9-111:52
154            android:name="com.iqonic.store.activity.OrderDescriptionActivity"
154-->src\main\AndroidManifest.xml:110:13-62
155            android:screenOrientation="portrait" />
155-->src\main\AndroidManifest.xml:111:13-49
156        <activity
156-->src\main\AndroidManifest.xml:112:9-114:52
157            android:name="com.iqonic.store.activity.OrderActivity"
157-->src\main\AndroidManifest.xml:113:13-51
158            android:screenOrientation="portrait" />
158-->src\main\AndroidManifest.xml:114:13-49
159        <activity
159-->src\main\AndroidManifest.xml:115:9-118:52
160            android:name="com.iqonic.store.activity.ProductDetailActivity1"
160-->src\main\AndroidManifest.xml:116:13-60
161            android:label=""
161-->src\main\AndroidManifest.xml:117:13-29
162            android:screenOrientation="portrait" />
162-->src\main\AndroidManifest.xml:118:13-49
163        <activity
163-->src\main\AndroidManifest.xml:119:9-121:52
164            android:name="com.iqonic.store.activity.OrderSummaryActivity"
164-->src\main\AndroidManifest.xml:120:13-58
165            android:screenOrientation="portrait" />
165-->src\main\AndroidManifest.xml:121:13-49
166        <activity
166-->src\main\AndroidManifest.xml:122:9-124:52
167            android:name="com.iqonic.store.activity.MyCartActivity"
167-->src\main\AndroidManifest.xml:123:13-52
168            android:screenOrientation="portrait" />
168-->src\main\AndroidManifest.xml:124:13-49
169        <activity
169-->src\main\AndroidManifest.xml:125:9-127:52
170            android:name="com.iqonic.store.activity.SearchActivity"
170-->src\main\AndroidManifest.xml:126:13-52
171            android:screenOrientation="portrait" />
171-->src\main\AndroidManifest.xml:127:13-49
172        <activity
172-->src\main\AndroidManifest.xml:128:9-130:52
173            android:name="com.iqonic.store.activity.ViewAllProductActivity"
173-->src\main\AndroidManifest.xml:129:13-60
174            android:screenOrientation="portrait" />
174-->src\main\AndroidManifest.xml:130:13-49
175        <activity
175-->src\main\AndroidManifest.xml:131:9-134:58
176            android:name="com.iqonic.store.activity.EditProfileActivity"
176-->src\main\AndroidManifest.xml:132:13-57
177            android:screenOrientation="portrait"
177-->src\main\AndroidManifest.xml:133:13-49
178            android:windowSoftInputMode="adjustResize" />
178-->src\main\AndroidManifest.xml:134:13-55
179
180        <provider
181            android:name="androidx.core.content.FileProvider"
181-->src\main\AndroidManifest.xml:137:13-62
182            android:authorities="com.store.proshop.provider"
182-->src\main\AndroidManifest.xml:138:13-60
183            android:exported="false"
183-->src\main\AndroidManifest.xml:139:13-37
184            android:grantUriPermissions="true" >
184-->src\main\AndroidManifest.xml:140:13-47
185            <meta-data
185-->src\main\AndroidManifest.xml:141:13-143:48
186                android:name="android.support.FILE_PROVIDER_PATHS"
186-->src\main\AndroidManifest.xml:142:17-67
187                android:resource="@xml/path" />
187-->src\main\AndroidManifest.xml:143:17-45
188        </provider>
189
190        <activity
190-->src\main\AndroidManifest.xml:146:9-148:52
191            android:name="com.iqonic.store.activity.PaymentSuccessfullyActivity"
191-->src\main\AndroidManifest.xml:147:13-65
192            android:screenOrientation="portrait" />
192-->src\main\AndroidManifest.xml:148:13-49
193        <activity
193-->src\main\AndroidManifest.xml:149:9-151:52
194            android:name="com.iqonic.store.stripe.StripePaymentActivity"
194-->src\main\AndroidManifest.xml:150:13-57
195            android:screenOrientation="portrait" />
195-->src\main\AndroidManifest.xml:151:13-49
196        <activity
196-->src\main\AndroidManifest.xml:152:9-155:52
197            android:name="com.iqonic.store.activity.ProductDetailActivity2"
197-->src\main\AndroidManifest.xml:153:13-60
198            android:label=""
198-->src\main\AndroidManifest.xml:154:13-29
199            android:screenOrientation="portrait" />
199-->src\main\AndroidManifest.xml:155:13-49
200        <activity
200-->[com.stripe:stripe-android:14.5.0] AndroidManifest.xml:12:9-14:57
201            android:name="com.stripe.android.view.AddPaymentMethodActivity"
201-->[com.stripe:stripe-android:14.5.0] AndroidManifest.xml:13:13-76
202            android:theme="@style/StripeDefaultTheme" />
202-->[com.stripe:stripe-android:14.5.0] AndroidManifest.xml:14:13-54
203        <activity
203-->[com.stripe:stripe-android:14.5.0] AndroidManifest.xml:15:9-17:57
204            android:name="com.stripe.android.view.PaymentMethodsActivity"
204-->[com.stripe:stripe-android:14.5.0] AndroidManifest.xml:16:13-74
205            android:theme="@style/StripeDefaultTheme" />
205-->[com.stripe:stripe-android:14.5.0] AndroidManifest.xml:17:13-54
206        <activity
206-->[com.stripe:stripe-android:14.5.0] AndroidManifest.xml:18:9-20:57
207            android:name="com.stripe.android.view.PaymentFlowActivity"
207-->[com.stripe:stripe-android:14.5.0] AndroidManifest.xml:19:13-71
208            android:theme="@style/StripeDefaultTheme" />
208-->[com.stripe:stripe-android:14.5.0] AndroidManifest.xml:20:13-54
209        <activity
209-->[com.stripe:stripe-android:14.5.0] AndroidManifest.xml:21:9-23:57
210            android:name="com.stripe.android.view.PaymentAuthWebViewActivity"
210-->[com.stripe:stripe-android:14.5.0] AndroidManifest.xml:22:13-78
211            android:theme="@style/StripeDefaultTheme" />
211-->[com.stripe:stripe-android:14.5.0] AndroidManifest.xml:23:13-54
212        <activity
212-->[com.stripe:stripe-android:14.5.0] AndroidManifest.xml:24:9-26:57
213            android:name="com.stripe.android.view.PaymentRelayActivity"
213-->[com.stripe:stripe-android:14.5.0] AndroidManifest.xml:25:13-72
214            android:theme="@style/StripeDefaultTheme" />
214-->[com.stripe:stripe-android:14.5.0] AndroidManifest.xml:26:13-54
215        <activity
215-->[com.stripe:stripe-android:14.5.0] AndroidManifest.xml:27:9-29:57
216            android:name="com.stripe.android.view.Stripe3ds2CompletionActivity"
216-->[com.stripe:stripe-android:14.5.0] AndroidManifest.xml:28:13-80
217            android:theme="@style/StripeDefaultTheme" />
217-->[com.stripe:stripe-android:14.5.0] AndroidManifest.xml:29:13-54
218        <activity
218-->[com.stripe:stripe-3ds2-android:3.0.2] AndroidManifest.xml:12:9-14:54
219            android:name="com.stripe.android.stripe3ds2.views.ChallengeActivity"
219-->[com.stripe:stripe-3ds2-android:3.0.2] AndroidManifest.xml:13:13-81
220            android:theme="@style/Stripe3DS2Theme" />
220-->[com.stripe:stripe-3ds2-android:3.0.2] AndroidManifest.xml:14:13-51
221        <activity
221-->[com.stripe:stripe-3ds2-android:3.0.2] AndroidManifest.xml:15:9-17:54
222            android:name="com.stripe.android.stripe3ds2.views.ChallengeProgressDialogActivity"
222-->[com.stripe:stripe-3ds2-android:3.0.2] AndroidManifest.xml:16:13-95
223            android:theme="@style/Stripe3DS2Theme" />
223-->[com.stripe:stripe-3ds2-android:3.0.2] AndroidManifest.xml:17:13-51
224        <activity android:name="com.facebook.CustomTabMainActivity" />
224-->[com.facebook.android:facebook-common:4.42.0] AndroidManifest.xml:33:9-71
224-->[com.facebook.android:facebook-common:4.42.0] AndroidManifest.xml:33:19-68
225        <activity
225-->[com.google.firebase:firebase-auth:19.4.0] AndroidManifest.xml:24:9-31:50
226            android:name="com.google.firebase.auth.internal.FederatedSignInActivity"
226-->[com.google.firebase:firebase-auth:19.4.0] AndroidManifest.xml:25:13-85
227            android:excludeFromRecents="true"
227-->[com.google.firebase:firebase-auth:19.4.0] AndroidManifest.xml:26:13-46
228            android:exported="true"
228-->[com.google.firebase:firebase-auth:19.4.0] AndroidManifest.xml:27:13-36
229            android:launchMode="singleTask"
229-->[com.google.firebase:firebase-auth:19.4.0] AndroidManifest.xml:28:13-44
230            android:permission="com.google.firebase.auth.api.gms.permission.LAUNCH_FEDERATED_SIGN_IN"
230-->[com.google.firebase:firebase-auth:19.4.0] AndroidManifest.xml:29:13-102
231            android:theme="@android:style/Theme.Translucent.NoTitleBar" />
231-->[com.google.firebase:firebase-auth:19.4.0] AndroidManifest.xml:30:13-72
232
233        <service
233-->[com.google.firebase:firebase-auth:19.4.0] AndroidManifest.xml:33:9-39:19
234            android:name="com.google.firebase.components.ComponentDiscoveryService"
234-->[com.google.firebase:firebase-auth:19.4.0] AndroidManifest.xml:34:13-84
235            android:directBootAware="true"
235-->[com.google.firebase:firebase-common:19.3.0] AndroidManifest.xml:34:13-43
236            android:exported="false" >
236-->[com.google.firebase:firebase-auth:19.4.0] AndroidManifest.xml:35:13-37
237            <meta-data
237-->[com.google.firebase:firebase-auth:19.4.0] AndroidManifest.xml:36:13-38:85
238                android:name="com.google.firebase.components:com.google.firebase.auth.FirebaseAuthRegistrar"
238-->[com.google.firebase:firebase-auth:19.4.0] AndroidManifest.xml:37:17-109
239                android:value="com.google.firebase.components.ComponentRegistrar" />
239-->[com.google.firebase:firebase-auth:19.4.0] AndroidManifest.xml:38:17-82
240            <meta-data
240-->[com.google.firebase:firebase-iid:17.0.3] AndroidManifest.xml:32:13-34:85
241                android:name="com.google.firebase.components:com.google.firebase.iid.Registrar"
241-->[com.google.firebase:firebase-iid:17.0.3] AndroidManifest.xml:33:17-96
242                android:value="com.google.firebase.components.ComponentRegistrar" />
242-->[com.google.firebase:firebase-iid:17.0.3] AndroidManifest.xml:34:17-82
243            <meta-data
243-->[com.google.android.gms:play-services-measurement-api:17.4.4] AndroidManifest.xml:30:13-32:85
244                android:name="com.google.firebase.components:com.google.firebase.analytics.connector.internal.AnalyticsConnectorRegistrar"
244-->[com.google.android.gms:play-services-measurement-api:17.4.4] AndroidManifest.xml:31:17-139
245                android:value="com.google.firebase.components.ComponentRegistrar" />
245-->[com.google.android.gms:play-services-measurement-api:17.4.4] AndroidManifest.xml:32:17-82
246            <meta-data
246-->[com.google.firebase:firebase-installations:16.3.2] AndroidManifest.xml:17:13-19:85
247                android:name="com.google.firebase.components:com.google.firebase.installations.FirebaseInstallationsRegistrar"
247-->[com.google.firebase:firebase-installations:16.3.2] AndroidManifest.xml:18:17-127
248                android:value="com.google.firebase.components.ComponentRegistrar" />
248-->[com.google.firebase:firebase-installations:16.3.2] AndroidManifest.xml:19:17-82
249        </service>
250
251        <meta-data
251-->[com.onesignal:OneSignal:3.13.2] AndroidManifest.xml:49:9-51:51
252            android:name="onesignal_app_id"
252-->[com.onesignal:OneSignal:3.13.2] AndroidManifest.xml:50:13-44
253            android:value="1ba69f0e-ba59-4593-9b4b-7f2d55b17d6d" /> <!-- Deprecated - Pulled from OneSignal dashboard. -->
253-->[com.onesignal:OneSignal:3.13.2] AndroidManifest.xml:51:13-48
254        <meta-data
254-->[com.onesignal:OneSignal:3.13.2] AndroidManifest.xml:53:9-55:70
255            android:name="onesignal_google_project_number"
255-->[com.onesignal:OneSignal:3.13.2] AndroidManifest.xml:54:13-59
256            android:value="str:REMOTE" />
256-->[com.onesignal:OneSignal:3.13.2] AndroidManifest.xml:55:13-67
257
258        <receiver
258-->[com.onesignal:OneSignal:3.13.2] AndroidManifest.xml:57:9-67:20
259            android:name="com.onesignal.GcmBroadcastReceiver"
259-->[com.onesignal:OneSignal:3.13.2] AndroidManifest.xml:58:13-62
260            android:permission="com.google.android.c2dm.permission.SEND" >
260-->[com.onesignal:OneSignal:3.13.2] AndroidManifest.xml:59:13-73
261
262            <!-- High priority so OneSignal payloads can be filtered from other GCM receivers if filterOtherGCMReceivers is enabled. -->
263            <intent-filter android:priority="999" >
263-->[com.onesignal:OneSignal:3.13.2] AndroidManifest.xml:62:13-66:29
263-->[com.onesignal:OneSignal:3.13.2] AndroidManifest.xml:62:28-50
264                <action android:name="com.google.android.c2dm.intent.RECEIVE" />
264-->[com.onesignal:OneSignal:3.13.2] AndroidManifest.xml:63:17-81
264-->[com.onesignal:OneSignal:3.13.2] AndroidManifest.xml:63:25-78
265
266                <category android:name="com.store.proshop" />
266-->[com.onesignal:OneSignal:3.13.2] AndroidManifest.xml:65:17-61
266-->[com.onesignal:OneSignal:3.13.2] AndroidManifest.xml:65:27-58
267            </intent-filter>
268        </receiver>
269        <receiver android:name="com.onesignal.NotificationOpenedReceiver" />
269-->[com.onesignal:OneSignal:3.13.2] AndroidManifest.xml:68:9-77
269-->[com.onesignal:OneSignal:3.13.2] AndroidManifest.xml:68:19-74
270
271        <service android:name="com.onesignal.GcmIntentService" />
271-->[com.onesignal:OneSignal:3.13.2] AndroidManifest.xml:70:9-66
271-->[com.onesignal:OneSignal:3.13.2] AndroidManifest.xml:70:18-63
272        <service
272-->[com.onesignal:OneSignal:3.13.2] AndroidManifest.xml:71:9-73:72
273            android:name="com.onesignal.GcmIntentJobService"
273-->[com.onesignal:OneSignal:3.13.2] AndroidManifest.xml:72:13-61
274            android:permission="android.permission.BIND_JOB_SERVICE" />
274-->[com.onesignal:OneSignal:3.13.2] AndroidManifest.xml:73:13-69
275        <service
275-->[com.onesignal:OneSignal:3.13.2] AndroidManifest.xml:74:9-76:72